0 info it worked if it ends with ok
1 verbose cli [ '/usr/local/Cellar/node/6.3.1/bin/node',
1 verbose cli   '/usr/local/bin/npm',
1 verbose cli   'install' ]
2 info using npm@3.10.3
3 info using node@v6.3.1
4 silly loadCurrentTree Starting
5 silly install loadCurrentTree
6 silly install readLocalPackageData
7 silly install normalizeTree
8 silly loadCurrentTree Finishing
9 silly loadIdealTree Starting
10 silly install loadIdealTree
11 silly cloneCurrentTree Starting
12 silly install cloneCurrentTreeToIdealTree
13 silly cloneCurrentTree Finishing
14 silly loadShrinkwrap Starting
15 silly install loadShrinkwrap
16 silly loadShrinkwrap Finishing
17 silly loadAllDepsIntoIdealTree Starting
18 silly install loadAllDepsIntoIdealTree
19 silly loadAllDepsIntoIdealTree Finishing
20 silly loadIdealTree Finishing
21 silly currentTree nodejs
22 silly idealTree nodejs
23 silly generateActionsToTake Starting
24 silly install generateActionsToTake
25 silly generateActionsToTake Finishing
26 silly diffTrees action count 0
27 silly decomposeActions action count 0
28 silly executeActions Starting
29 silly install executeActions
30 silly doSerial global-install 0
31 silly doParallel fetch 0
32 verbose correctMkdir /Users/americo/.npm/_locks correctMkdir not in flight; initializing
33 verbose lock using /Users/americo/.npm/_locks/staging-e93ce5f23ffb0d63.lock for /Users/americo/Trunk/spike/nodejs/node_modules/.staging
34 verbose unlock done using /Users/americo/.npm/_locks/staging-e93ce5f23ffb0d63.lock for /Users/americo/Trunk/spike/nodejs/node_modules/.staging
35 silly rollbackFailedOptional Starting
36 silly rollbackFailedOptional Finishing
37 silly runTopLevelLifecycles Starting
38 silly runTopLevelLifecycles Finishing
39 silly install printInstalled
40 warn enoent ENOENT: no such file or directory, open '/Users/americo/Trunk/spike/nodejs/package.json'
41 warn nodejs No description
42 warn nodejs No repository field.
43 warn nodejs No README data
44 warn nodejs No license field.
45 verbose stack Error: EACCES: permission denied, mkdir '/Users/americo/Trunk/spike/nodejs/node_modules/.staging'
45 verbose stack     at Error (native)
46 verbose cwd /Users/americo/Trunk/spike/nodejs
47 error Darwin 16.0.0
48 error argv "/usr/local/Cellar/node/6.3.1/bin/node" "/usr/local/bin/npm" "install"
49 error node v6.3.1
50 error npm  v3.10.3
51 error path /Users/americo/Trunk/spike/nodejs/node_modules/.staging
52 error code EACCES
53 error errno -13
54 error syscall mkdir
55 error Error: EACCES: permission denied, mkdir '/Users/americo/Trunk/spike/nodejs/node_modules/.staging'
55 error     at Error (native)
55 error  { Error: EACCES: permission denied, mkdir '/Users/americo/Trunk/spike/nodejs/node_modules/.staging'
55 error     at Error (native)
55 error   errno: -13,
55 error   code: 'EACCES',
55 error   syscall: 'mkdir',
55 error   path: '/Users/americo/Trunk/spike/nodejs/node_modules/.staging' }
56 error Please try running this command again as root/Administrator.
57 verbose exit [ -13, true ]
